Determining if the pthread_create exist failed with the following output:
Change Dir: /root/worldquant/apache-arrowtable/build/CMakeFiles/CMakeTmp

Run Build Command:"/usr/bin/make" "cmTC_10e8c/fast"
/usr/bin/make -f CMakeFiles/cmTC_10e8c.dir/build.make CMakeFiles/cmTC_10e8c.dir/build
make[1]: Entering directory '/root/worldquant/apache-arrowtable/build/CMakeFiles/CMakeTmp'
Building C object CMakeFiles/cmTC_10e8c.dir/CheckSymbolExists.c.o
/usr/bin/cc    -o CMakeFiles/cmTC_10e8c.dir/CheckSymbolExists.c.o   -c /root/worldquant/apache-arrowtable/build/CMakeFiles/CMakeTmp/CheckSymbolExists.c
Linking C executable cmTC_10e8c
/usr/bin/cmake -E cmake_link_script CMakeFiles/cmTC_10e8c.dir/link.txt --verbose=1
/usr/bin/cc      -rdynamic CMakeFiles/cmTC_10e8c.dir/CheckSymbolExists.c.o  -o cmTC_10e8c 
CMakeFiles/cmTC_10e8c.dir/CheckSymbolExists.c.o: In function `main':
CheckSymbolExists.c:(.text+0x1b): undefined reference to `pthread_create'
collect2: error: ld returned 1 exit status
CMakeFiles/cmTC_10e8c.dir/build.make:97: recipe for target 'cmTC_10e8c' failed
make[1]: *** [cmTC_10e8c] Error 1
make[1]: Leaving directory '/root/worldquant/apache-arrowtable/build/CMakeFiles/CMakeTmp'
Makefile:126: recipe for target 'cmTC_10e8c/fast' failed
make: *** [cmTC_10e8c/fast] Error 2

File /root/worldquant/apache-arrowtable/build/CMakeFiles/CMakeTmp/CheckSymbolExists.c:
/* */
#include <pthread.h>

int main(int argc, char** argv)
{
  (void)argv;
#ifndef pthread_create
  return ((int*)(&pthread_create))[argc];
#else
  (void)argc;
  return 0;
#endif
}

